2026-04-14 15:49:55 | INFO | Starting adaptive crawl. queued_buckets=37 done_buckets=0
2026-04-14 15:49:55 | INFO | Working on bucket=a depth=1 resume_page=0 resume_last_id=None
2026-04-14 15:49:55 | INFO | Requesting bucket=a page=1 attempt=1 last_id=None
2026-04-14 15:50:07 | INFO | Starting adaptive crawl. queued_buckets=37 done_buckets=0
2026-04-14 15:50:07 | INFO | Working on bucket=a depth=1 resume_page=0 resume_last_id=None
2026-04-14 15:50:07 | INFO | Requesting bucket=a page=1 attempt=1 last_id=None
2026-04-14 15:50:47 | INFO | Saved bucket=a page=1 rows=20 next_last_id='http://data.doremus.org/52f5d3e3-4e5a-4f51-b767-3c293470b3be'
2026-04-14 15:50:48 | INFO | Requesting bucket=a page=2 attempt=1 last_id='http://data.doremus.org/52f5d3e3-4e5a-4f51-b767-3c293470b3be'
2026-04-14 15:51:48 | WARNING | Failed bucket=a page=2 attempt=1 error=HTTP 504: <html>
<head><title>504 Gateway Time-out</title></head>
<body>
<center><h1>504 Gateway Time-out</h1></center>
<hr><center>nginx</center>
</body>
</html>

2026-04-14 15:51:49 | INFO | Requesting bucket=a page=2 attempt=2 last_id='http://data.doremus.org/52f5d3e3-4e5a-4f51-b767-3c293470b3be'
2026-04-14 15:52:48 | INFO | Saved bucket=a page=2 rows=20 next_last_id='http://data.doremus.org/a1788f3b-ca51-444c-a207-53e61a836b1c'
2026-04-14 15:52:49 | INFO | Requesting bucket=a page=3 attempt=1 last_id='http://data.doremus.org/a1788f3b-ca51-444c-a207-53e61a836b1c'
2026-04-14 15:53:49 | WARNING | Failed bucket=a page=3 attempt=1 error=HTTP 504: <html>
<head><title>504 Gateway Time-out</title></head>
<body>
<center><h1>504 Gateway Time-out</h1></center>
<hr><center>nginx</center>
</body>
</html>

2026-04-14 15:53:50 | INFO | Requesting bucket=a page=3 attempt=2 last_id='http://data.doremus.org/a1788f3b-ca51-444c-a207-53e61a836b1c'
2026-04-14 15:54:49 | INFO | Saved bucket=a page=3 rows=20 next_last_id='http://data.doremus.org/artist/00170129-86e4-3fc1-a0ce-18f6be36097c'
2026-04-14 15:54:50 | INFO | Requesting bucket=a page=4 attempt=1 last_id='http://data.doremus.org/artist/00170129-86e4-3fc1-a0ce-18f6be36097c'
2026-04-14 15:55:50 | WARNING | Failed bucket=a page=4 attempt=1 error=HTTP 504: <html>
<head><title>504 Gateway Time-out</title></head>
<body>
<center><h1>504 Gateway Time-out</h1></center>
<hr><center>nginx</center>
</body>
</html>

2026-04-14 15:55:51 | INFO | Requesting bucket=a page=4 attempt=2 last_id='http://data.doremus.org/artist/00170129-86e4-3fc1-a0ce-18f6be36097c'
2026-04-14 15:56:02 | INFO | Starting adaptive crawl. queued_buckets=36 done_buckets=0
2026-04-14 15:56:02 | INFO | Working on bucket=b depth=1 resume_page=0 resume_last_id=None
2026-04-14 15:56:02 | INFO | Requesting bucket=b page=1 attempt=1 last_id=None
